02Li8mC
02ekTo5
02rZhln
04S08eV
04VbVY9
05o5pyI
07j0Ucu
08Pehjl
08Ps59P
08pV29z
09iCHJs
0ARm3kx
0BxyWMC
0Crvc4E
0DGUfYJ
0DWtSGY
0DuxSGJ
0FTeaKg
0H4J8lR
0HAoVrA
0HKimQr
0HdsTYk
0INRfC3
0KJ8DS3
0KQqOoK
0L7F9BI
0O7RoKU
0OK9WYW
0PnEXDT
0RIoTt9
0S3YeFO
0T39xTv
0VGHPW3
0XQWx9O
0Y1rmRA
0YSEzQY
0Z5mAaz
0Zq6p6Z
0btC9Mq
0cUJDoW
0e5eqfh
0efeqJQ
0fH7FHu
0fNEzS0
0gMOPap
0hQDmFE
0hQwW5B
0ixydPP
0mb1CHR
0nENPoY
0nGQ9vl
0rE6xLt
0rMIYun
0rydKnU
0tldrjg
0wFRtOx
0wl8M29
0xPa1Zh
0xaPjrU
0xrq9Lc
0z3wDkh
10UPcAk
10tlX8Z
13KqYKa
163l886
16xEAjT
183JbOo
18wu7xg
1CLFQWm
1DEhesg
1DPtALh
1E5Tw31
1EbSxco
1Es4AAu
1FNmcHu
1GT627V
1HScgVR
1L9EjOC
1MvnfgW
1NwdzVM
1OR6GMQ
1OWtYv3
1OijGvJ
1PHzDni
1QXQjsw
1TaOXF4
1UTnC8p
1WmcfBQ
1XNR1pM
1XWp2QS
1Z4qCj8
1ZEFfX5
1bEU3YP
1bFiaUW
1dckFzn
1fAGS7C
1fCiwiX
1gEzNjd
1gVksZk
1hHYuY9
1hqDvhR
1iaBz1k
1iejFf8
1jFewAo
1kRDFYf
1ldDRl7
1ml1jNN
1mtOoIp
1n3E5t7
1nYesne
1ocnenl
1r2XodD
1rJNv6a
1rQPY6j
1t1vpcZ
1uahXKL
1vKCZFe
1vRWoa8
1vTtzZV
1vjSCj1
1xseuqr
21QGKkk
23irCEq
24QmPsj
271xFGg
27cdUhd
29jRDfw
29yXFBZ
2A6HRB5
2AbtNEl
2AjusZw
2BvaHKU
2Ch7AVR
2CkaP1j
2DufS21
2EmFJET
2FM7FgA
2GPWcUv
2HdzTxq
2IvGEVI
2JYJ1Ee
2KgOyTW
2LFrBIy
2LVMJWo
2MSCrws
2N3tXY9
2N7MW0E
2NYHXfE
2O4b83j
2OUcoL0
2OnkITb
2Q4R28m
2QMUuXr
2QckeBr
2QtQoIT
2QuH8gd
2RPDmYf
2RQJgTz
2VsfsUB
2X177dZ
2XFF2ak
2YLKUi4
2YrzOVv
2Z0pCAh
2ZM66On
2ZMcIVz
2ZYJK37
2ZbhFP7
2Zg2xHQ
2aoKAKX
2bM4pc4
2bam0Wa
2bbkqlP
2bru1fa
2dXts0o
2daED2o
2dklaxH
2e8bzF4
2ea0lWy
2erim9X
2fbjrAT
2g3IBO2
2hJKppf
2j93aFU
2jY6iAp
2lYhhGu
2n9B3L1
2nE8tnS
2r4zdho
2tg0NEA
2tk4a6C
2ttalI1
2tvILrL
2w0daR4
2wH69ME
2xE0uf3
2zHOQWJ
30Aafvi
312dJYX
31gYUOV
321qFfo
32G6O6V
33CSrUp
34KHqc0
34YscuC
34vFrIs
35j1rgn
35jEgPe
36ZDI24
36bmJZw
36qtvea
36sSz5d
37hCbTr
37tDY3v
39k8h4B
3AB3unL
3AhZpLr
3B99hwR
3BOtd8R
3BVQu2U
3C7jram
3CLlV4L
3Cqdmnb
3EMi6hD
3Ee2hTz
3F3xlai
3H9lLKE
3HTmxCk
3Hf5BKX
3HjSuhJ
3I2y94L
3IMKgS8
3PSIUWc
3PeiOX2
3TDeYuu
3V25lKt
3VBjknr
3Vn3qTh
3Wug0bz
3XXOxaS
3a0Vm3T
3a5YuIm
3az1TCw
3dTPKtv
3e5Syeh
3eAScMx
3fCc3gZ
3g1nbjm
3gaFXLL
3h2xSBp
3hREpI8
3hRiWh3
3k43m2I
3kTbZzo
3kcsWjh
3mK9UMB
3mPNYDA
3mW627u
3mZnRKc
3nOHPDy
3odmo2R
3pwco9z
3qUvaIz
3ruWogY
3sWEwkY
3t0NFRb
405aevh
40bNoex
41BGcMG
42P3C5V
42RSuHO
42xnqo7
43h3z59
44NDAtQ
44b76ch
45VHGXg
45kIQsM
467sbTo
46hM6mN
46q7LgW
47PAmXj
48YA0hx
48qo9S7
49Rvo0j
49toSqq
4Bmj46T
4D6eh2U
4D87TtN
4GZsEzr
4H8H4la
4IVu9pn
4IhSH5L
4KsZFrw
4LSD8lM
4MK39qv
4QE50ZI
4QsXzSG
4R5qiYh
4TZqeq3
4Tv8VDf
4UzgyHD
4WdbzFu
4Yz3Ocm
4a3QcLe
4absrPs
4bwWKzM
4cUSJq3
4dIh2eq
4eeB2S5
4fZjb2O
4hSTdji
4hUttdW
4haGMeT
4iEymgZ
4jqXDpJ
4ju8u3g
4o9NJZR
4pcWf34
4rx5qTY
4uoONQ8
4x2cbK2
4xrRR9b
4xygCRK
509j5Jj
50igMtm
519Z1Mg
52uBv7N
538jPKA
55KwiLD
55PUHKB
55Q0Tqd
55d3cck
55gBpsz
56DZL4a
56S3HD1
56StBkn
56vZkpI
578stNx
58NRPTn
58fYiah
58wjIkn
59RyktA
59SxJ0u
5C0jW1D
5CDmRa8
5DEZ5rX
5DSxNGb
5DgfQFr
5EAZLSp
5F7CiIb
5G7wpTb
5MPY0HY
5NFYQU4
5NReag3
5PNfVWK
5PY4SHV
5QXwLgV
5RcDYbU
5SdMKAd
5TkBHy3
5Vlbx9L
5VuwRUE
5WWpsWN
5WbMGyA
5X0La59
5X6gMFW
5XuwMf7
5YEAXZZ
5YkgfhW
5ZLm2Wk
5Zmb04Z
5cIpIf9
5chO98E
5dlxV57
5fG69Gb
5gV1fuQ
5gaoSS3
5lsIUom
5mS3r8s
5nfHd0n
5pXzx3V
5rsp6j8
5sBJGDd
5sw7W7w
5uGkoxw
5uYzKgh
5urAcXa
5wU4cQQ
5wZkNq7
5yze1GH
5zVUbhE
61YIzf3
62lkGKL
64VLAvz
64nsPit
65AV78F
65HnFRj
65xVx3S
660XWIp
67be3fU
68VT0ed
68YmUMS
68nj2Jy
6BgfCrq
6CJp1nP
6DSYh6V
6EQSM4Q
6Fa8Whr
6FljGDE
6ISCigr
6JhP6mV
6K6xMk8
6MV4tEB
6Na4PFq
6O6IRdY
6OYvrgx
6OtNZ1M
6QUc7IG
6QfLx0z
6SAYMVS
6SQHa3N
6TH84CG
6TeA4um
6U4yYoI
6UF3tfz
6UFQ7zh
6UkeRpQ
6WZ4Fja
6YZh6Hp
6ZlJAIQ
6a125Ot
6a3jBqY
6aEiHSN
6aI25Gg
6bDFxrn
6bLvx5Z
6cip174
6clcdIL
6dEN69P
6dPe3h7
6dawIzs
6egBBas
6ehevjs
6ewqiz3
6f3AJwx
6fxRaGQ
6ggZ9JV
6gjOfjC
6hVV1ST
6hZhYDf
6hwgT73
6jXnqJq
6k5jNdw
6kAi515
6ksM0FI
6l7gtYF
6liqKDm
6o3Dm7Q
6oN9yBj
6oad1qH
6qEIvup
6tPlzpT
6vu3l4B
6wFErre
6x37nle
6xWOvui
6xkoEja
6zDR1XJ
70PzY8f
716kYvm
71PVRkI
71b6xO0
75Fx6fD
76462e0
781jcE9
783eNRo
79ttDT5
7A6sSpP
7A9trBs
7Bg5Wtw
7BjzCdk
7Bk3QAN
7DbwbDo
7Erl3hH
7GdW3iz
7HKjzxc
7J9FhbF
7Jv7IxO
7KITq3v
7LAYTbW
7NWZQYS
7O5YlRZ
7OgRBTC
7PK2SFB
7Pnuh19
7RAYDxF
7Sq23be
7TozWIh
7TssFTq
7UvWX59
7XbESyR
7YYBzaX
7YeHVUE
7ZRYCYX
7ZT2a6l
7ZpUj1R
7ZvQtFs
7alw5DS
7bxqUtl
7d4rJks
7dQ2EwO
7diEHG4
7dtSVms
7eRLJhq
7gWWXEQ
7hhdJ0U
7jORvgC
7jSlsh4
7jwQVSF
7n85iWc
7oCuwf3
7oQlZ4s
7pvvIUJ
7qbwf8R
7rdw0an
7rhkr7t
7tfODnP
7w1vO9s
7yIUxD4
81iLeiL
81oc7Fu
82exsv4
83Z2f0I
84JCsSz
85QcWEF
86ZKMM2
882Wqp5
89A8a96
89C4PDI
89EbV48
8AaFBjR
8BVLyoB
8EmGaSr
8EpsKwx
8G0g6B9
8H8SdqM
8IGpLZJ
8J0UW9S
8J7e6Ss
8LE47dE
8LTGBQ0
8M647db
8MCWyTk
8MgZGx7
8NcMqXQ
8O7Xr8U
8PIQB5g
8POV474
8Paktzj
8Qh1BOG
8QmmcMC
8R0jb0F
8RUrJ0H
8Tf8yDd
8VNcfSh
8WjtTo0
8Y8kQRk
8ZW5va3
8ZhOt4h
8a0dh3I
8bmrkaz
8dbBasK
8h9gnX1
8hVJQ5T
8hipvFw
8i4nkvw
8iz4Feq
8j9iN9O
8k3Mhn8
8kUIJev
8lJznnc
8mPRMm3
8mi29tX
8neaLHM
8oH5ZAV
8pMi2EK
8ptMh4D
8rDqyfv
8rODBkM
8sIpnl3
8sUpW9e
8sy5780
8tUChbY
8uBh4Rr
8x2IQke
8xVwJwI
8xfbgzI
8zDHb8m
91QtMhI
91Wrb1w
94lBd95
94qK4yV
956DUhJ
95kX4wi
98FSA4U
98opp6I
98sxrX2
993k4g1
9BCyQf6
9DAMtDB
9DL2kqs
9DMPYJe
9Dv5xjP
9Fiw0D9
9Gh6rw9
9HNrWYb
9HRedLB
9HZLvTX
9JtSp6s
9KNym5o
9KsDNzB
9MhYdUZ
9NBjyMv
9OyNOpe
9R2IDdf
9SznKlQ
9TYPIp0
9TlC8bY
9UJz7zG
9VQ7oez
9WGijji
9X7i2rM
9Xw0atd
9YRd7Ia
9YwBmsj
9ZNeSne
9ZhGnpg
9cWRGvx
9cXb0d5
9cehb8b
9eHk5bv
9fX5dez
9gBZfbJ
9hLFbCy
9iUxhFQ
9ivngJx
9kAoYc2
9kL2FhM
9m6p2WC
9mD4jp5
9mVk2nY
9mcMJ0X
9nMqKWo
9oL5oEg
9ot5ydk
9pUx5sl
9q7cOco
9qJGfGG
9rlDXny
9sHN6Pt
9sqAmgx
9tSZhRy
9tb0xvS
9tnVEKL
9u7whiY
9uIkrXZ
9up4KBz
A02PWmP
A1I59s6
A2uXrtB
A4DSSpZ
A559QWQ
A7f6PLl
A7vQbaP
AA9Uwwy
AAITyIL
AAQjUJL
ADEHIFe
ADzckig
AEzr2lS
AG9IgcK
AIEIVdQ
AIvs4Ee
AJ8V7y3
AJ9Tins
ALhgCCi
AMXhWxJ
AMojrom
AMtydPA
ANmFJjI
AORpFiC
AOSYiQq
AOT1IJA
AOU1nSI
AOaCfi3
APpbdNG
APvKHAB
AQe0mHJ
ARXdK9R
ATIr6An
AU0JusR
AVzfApC
AW1caOW
AW7CiyJ
AWKja6N
AWlVYdb
AWpP4Cn
AXBzoe7
AZ4ukQa
AZNKHl3
AZpoXYw
Aac0wlT
Ab4TI0G
AbiEj7M
AcLrST9
AeI3ZuO
AeYL36T
Af4Hjfy
AfFEdRE
Ag0fqAk
AhXXQnF
AiytOGk
AjAabFv
Ak37EYy
AkNTSEt
AlBYYrx
Am1ei9d
Am7Q4Yk
AqWw20b
Ar64ekg
ArH02rd
ArWSqkv
Arz2sI5
AtFVlAP
AtN2ttq
AtPPvT6
AtZCjEv
Atl00ya
AxYwve5
Axqq3Wu
AxyCSsI
AzGMnyh
B2TjjoR
B2cYj6n
B3g4lBJ
B3xtlIn
B5E9sgX
B68WkGy
B7f2PM5
B7z5kxe
B8tTRi6
B9Vc1xn
B9sd4iY
BBdNVjd
BCsdSKp
BDJ2HbO
BE7c8Eu
BEuCDKm
BIpRwaR
BJ2QPdq
BJIPhCk
BKyidyE
BNQXXC8
BQ4JgcN
BQqyw6v
BTpQrDa
BUoXwoL
BVEiqTp
BVIFVvD
BWLdR5I
BZfLTQ3
BaAKnLI
BaHBCgY
BaKZnCx
BbCPnju
BbrfdIG
BdgpVpQ
BeSUuwT
BfMHSLK
Bg807P5
BhZvB7W
BhyfgGQ
Bi1116K
BjeD9bb
BkQ04Hq
Bkdm7IQ
Bl84s92
BmauwJP
Bo5IPaU
BouSsGp
Bs9pJKj
BvtRPVk
BwRm5iA
BxF7mt8
BxvsMwI
ByZQtiP
BywARDQ
Bz1cXCl
Bzrgpk9
C0LUcqE
C0Wek1y
C1PNdB9
C1eN1DV
C2IttT8
C2vQuqY
C4SP0hY
C694MrW
C6pqaXP
C8hinAx
CB5HRs0
CBFXAir
CDKfBjy
CEKnCdO
CEoqk8b
CHKmwYV
CHSxmG8
CHoAhRo
CHscxTK
CJwGaQt
CJxPo5w
CLYAXB9
CLeBINm
CNOFqJN
CPZOpPM
CPZURRV
CQ07PCB
CQv2Xt7
CRJHDOx
CSnFRMb
CTHen6R
CTOexH1
CTnjFwh
CUOFWST
CUdM0Qi
CV5OfPI
CaCZrxB
Caa9J61
CaduNiR
CbDi6ed
Cclqpey
CeVRyfs
CfAgFz1
CfKkLb6
CkpCdM8
CkpmaUg
ClL65g7
ClN4CIk
ClU4wON
CmJXBJa
CmXcHvL
CnfLwtJ
Cpd2HOW
CpsBhRa
CrHgntK
CrTNsUD
CrdDJPP
CrjRgAR
Cs4vznO
CsKVg8w
Csj2cjr
CvNrhyC
CvUcoij
Cvys7FS
CwFtzyk
D0CrcFA
D2t0xKB
D3CWSqH
D3nRBEB
D7fqNLb
D801ejL
D9EQgH4
DBYOwgE
DC2j5gW
DCGVRTQ
DF7wE1h
DFKbI7S
DFc54v0
DFpqMHu
DHHbAsr
DIlgjqO
DKIPMfw
DKnwkn8
DM2t2B2
DMKBpdo
DN0EcGO
DOM7Jbe
DOVWsQ4
DOfg8ot
DOzr4su
DPxlsjN
DQ9VPhp
DRD0KLU
DRFn2Gt
DTyuNYF
DVG9afP
DVgF2RO
DVrqrp7
DW4gm5t
DYZYCKb
DYyaD0L
Da8n2PP
DaDS5Ba
DabV7u9
DbDyVpN
DbinoD3
DcXA6ts
DcbYPG9
DdY7WAN
Dfeud8N
Dg1833a
DgpqzTv
DgqAEaH
DhWs8qN
DiLyqaF
DijcJvV
DkA4llQ
DkD5v0j
Dkm9Yf1
DkwoUXX
Dlvc6ft
DmOlVzI
DnfFk5s
DodRvln
Dol8rDP
DpLd7JI
DqmSb41
DrhWpK1
DslF21j
Dt7H8RO
DtYm2MH
DtyCCdI
DvfU290
DwtpToo
DzSMj1g
DzxkaVx
E0oPENe
E0wUTFh
E1ZS7x9
E2SGWbr
E2aIbAf
E2f6DvY
E3FwO8p
E3rrT8Z
E49aAFB
E4m0sFK
E6BB4bT
E7SBh4h
E7YAPKi
E9WfdQH
ECsLP9K
ED5pd9k
EDmfiuL
EEJgid0
EGVGDTT
EHYiTJ9
EJitxpQ
EJjf2L2
EJoDPzo
EJuuI90
EK2dzTL
ELknksk
EOyBThd
EPgmdHh
EPrnvJ1
ERUiBv2
EUeYSfo
EUyJicJ
EVU6nnM
EVsvUf8
EWetPSk
EXlpsxh
EauU7ah
EbabCu2
Ebg0DC7
EcgBj8y
EciPJnW
EeKceMx
Efn4MyX
Eh7Rf1r
EjaNg64
EkkBgcJ
ElXsr2Y
Elt4FLJ
EmTnSgc
Eo4k3K7
Eoat2YT
EpTQOPh
Epc2IUS
EsIFeCi
EtUBH38
Ew2F5Hq
ExS4mlg
Exmo1OM
Ezj8ada
F08BqRT
F1UiG7H
F1xytlx
F2cK2aO
F3rnzss
F3tyXfR
F3yooz1
F46zlpU
F4OTMli
F4fNZcW
F6OEM8T
F6oY11F
F8zNsVr
F9P7TUM
FBFGz41
FBvhgj2
FC8AogR
FCKz8DN
FCqeIly
FE5aZkd
FFgJ4hy
FGWifjZ
FGm7qvK
FHMQ8Tu
FHnqFTG
FI2bqZ3
FILhnqF
FJHzbve
FMaZ2Sr
FOBMnp6
FOanF8F
FPBB7aS
FR44gM1
FTWigcq
FUnYCNN
FWK1Rxf
FXQbarF
FYt18Qk
FZaAqIe
FaMvi7p
FaRnA9q
FaZd45P
Fag15Wv
FalesRP
Fc5XeqI
Fd3mrtO
FdTrX09
FeaQ8es
FfBeE22
FfYy9dV
Fj62bTP
Fn57Hxw
FnnXwOI
FpQuyVp
Fqi8hkt
FreTLx4
FsxXRwb
FtoyLyB
Fuk8Iyf
Fv1A0Cq
Fv6jQ4X
Fv9nQ6h
FvheC3T
FvpZsVk
Fy4KggO
Fz3WrIa
FzjRrWq
G0vvTvj
G2MZ3Qt
G4erNIM
G4myeVK
G4q3oxD
G5b1ME8
G5ejRrj
G5zCcuy
G7oAZEe
G9FW2oF
GA1wbXp
GBQl0Bs
GBrfKMy
GCDBPcf
GDFTExY
GErArq0
GFWfYKe
GI4mZAQ
GK7GC7Z
GKEPsjD
GLDux6r
GMaaont
GNDsJXe
GPblbXv
GQw5yQo
GS60s9I
GSHUcEC
GSuNT7c
GUX2fvi
GUY1C6Z
GWRMvG1
GY06BfI
GYYbsRc
GZn07Bs
GaSQVsU
Gav9OFI
GawiaB4
Gecd8BX
GeuuAHX
Gf11maq
GftJGXy
GgGW2qe
GgmOKWG
GhCpYMm
GhaJEv6
Gk2N3WT
GlTQJoF
GmbHMKS
GmkXy65
GoMUzy1
GowLqBg
GphURUH
GqIykL8
GqULrpA
Gr4yUyc
Gr6FaSL
GrgWKHH
Grmxelo
GtjaBnd
GvKR6Rm
GvkqaN0
GwOuYL3
GwPIZxT
Gy9ZVk0
GyZpu9P
Gz593Bf
H0FV114
H22UI9d
H2zKL1N
H6iR9n8
H7vYN1g
H8Dggjr
H8R0MTE
H8Vr8kI
H8tzhJQ
H8xmhBH
H9zpNf5
HADEjZC
HAQfKqN
HCusL6U
HDjOvqp
HEHynG9
HFAGqgi
HJICjCn
HK91u4t
HKOcYpo
HKPg4cg
HM7vzpa
HM82Spf
HMd5BdB
HMh1yoH
HMqKQfF
HN099r5
HNRNf57
HO0HBzP
HOHUZqB
HPLvEMD
HQLu6lH
HQijrnY
HTFKdOw
HVn7RTN
HWDgjbe
HXYuRCL
HXZONbJ
HXz69NS
HYl5PtL
HbPBUoq
HbnV6ya
He397KE
He6HLXH
He8WSVA
HeFfuYg
HfMbxm9
HgFl985
HgIvXuS
Hhk1u6A
Hi6zaV9
HiDMo8y
HiztfrB
HjF1i9S
HjiCTOe
Hkb33Yy
HlWfCHU
Hlhgdf9
HmCEGMJ
HmxHQM8
Hn9XBFe
Hntw9of
Hqlcmar
Huk1LKS
HvPzt0G
HvUNDHA
Hw9AMDb
HySGOPT
Hz5ftmb
I0mV0jb
I1nOkjL
I2weFr7
I48xBIp
I5bPlSe
I7IEr3T
I7b4STF
I7hjEWT
I8ugM5v
I8usMyS
IAWdTlN
ICOxloA
IDoNDAp
IDqdMeR
IFAzeH8
IH20aaa
IHjRD2y
IIloDna
IJ71fuc
IL1kVtG
ILHt17K
IMsx5NJ
IP3aMpo
IPOk4vR
IPwEO3B
IQ877PU
ISRQX8e
IWRC186
IWWrVah
IYCQRnQ
IZQHKrS
IaY7WiL
IakMqiw
IcbslXk
IeSmYPQ
IgGzUfB
IhodZsH
IjEVNje
IjUUUJu
Ikm8ocA
IkzdqS0
IlkF3up
In4DIDY
In5BPjx
InYVkRu
IoMTViB
Iq0xVhQ
Iq7hA7P
IrzjqPx
IwOANFL
IwQxa1J
IwpjOeN
IwuA4LX
IwvcJ1t
J0piXoT
J3NLeHJ
J3mH9iS
J3s9MKb
J4UviHA
J4ZcGqg
J5ITwcb
J6qPCoO
J7LaOuH
J9hwIXr
JAggwEF
JCzeZ9F
JDuJ6d4
JEAM65A
JESMqPK
JEVSsUy
JEvaaGT
JFMSq0f
JGe5oYT
JGic83m
JIEnGCA
JKCn8A6
JKXPUR9
JLI9cT6
JMOGxmy
JSEWLDE
JTgFvwY
JTikMXF
JU42F9N
JV859lS
JVWRR7G
JVbd5tW
JVjBpLk
JXrOqUb
JYZfKWK
JYvwmwH
JZ37SOe
JZD01K9
JZNCRDV
JZd5N4d
JbHPRgz
JbMRlkt
JbeZ1jY
JdI0vff
JdMtfJK
JdNM3vB
JeE07Sw
JeT9Ha2
JeagOtA
JeiDBUK
JeklPVZ
JgX10jE
JgyFvKB
JhIOyGh
JhJSxgp
Jhfmk3w
Jl18Npw
JlCbA4N
JlKItTt
JmSmPmR
JmhNk5v
JnyogHH
JoYJ5l1
Jput4eU
Jqq4PX5
JrkyqcO
Jtrg8Hr
JuNC8KD
Jv2n0bf
Jv6xOcK
JwUbvri
JxMmr0m
JxUNyTv
Jyd724V
JykbRY0
JyqP9xI
Jyxbtsu
JzBifMK
JzNSfqJ
JzRQI1U
K051Zjm
K0GlrlM
K0YibRM
K0dyrK4
K0qYvet
K1Ja863
K21CwXk
K2sobkO
K4ltFLO
K4o3Vvf
K5biWzY
K6dagW1
K8npL74
K9aGNRw
KAQjqLH
KAadh8h
KAvSJxi
KC3cKAy
KDRnAVl
KEetLKr
KFBQwcd
KFrzYGC
KGNgSNL
KI28CJv
KI721O6
KIWleuT
KL1IXx1
KOuVrgV
KQD5SWz
KVXb5Sw
KVj6I7O
KWMala8
KWVMKHC
KWti1Bv
KZNxTte
KaBvMOL
Kc8C84s
Kd0iEtg
Kdd9NhF
Ke3l8Qo
KeJv032
KgjJCQq
KiOjxJx
Kkkot1i
KlbZhci
KmCCPMc
KmXT0H5
KryrXbS
KukL64Q
KutqcHr
KvGCfm9
KwiGsbe
KxaZDml
Kxb7YYl
KyyzlG7
L1Axw6e
L3oLbfi
L52Tv47
L5GyqxH
L5oL3Qc
L6iOhMP
L6s0aAf
L744M3T
L7r3OyB
L8X8bzX
L9q2f8y
L9s9Uhv
LAS1n6X
LBNALSm
LCDBKXr
LCNhe8T
LDUVJyT
LFxaG0i
LFzDE1X
LHZE0bs
LIY1iVQ
LJDcxVy
LJGisHE
LL3uSDE
LMjWB4B
LPCKHU2
LQJKXWl
LR7Ng89
LSDbwfE
LTBSwOI
LWPghmo
LXe1Vi6
LXgQHze
LYFlLGr
LZk5wZP
LaAoF8b
LaOHtz6
Lb1xXuo
LcgFVAx
Le6MbUm
Lf8sVLm
LfdljrD
LgEHsjC
LiGnUSC
LidMiiX
LjUZ2WK
Ljo9P7f
LjsZcYp
Lnv1X84
LoUXB6e
LthKChC
Lto8JYw
LwzMQUi
Lx38voQ
LxyaQFq
LyIlyKh
LyfytoS
LyvPINe
Lz3uQRe
M0C7RNl
M0PjnRD
M25Gxp9
M4DzDsT
M534YOS
M5LY8Sl
M5dCMIs
M6AYhRg
M6DKLt0
M6NNH5Y
M6n2FOY
M83bgUC
M87CRwp
M8I6ikS
M95L3hD
M9acIsN
MBis0kV
MEI9tmR
MFPfPi8
MFR6SuU
MHjvR6K
MIhGsnJ
MJc9Kdu
MKSdrC7
MKUy7uh
MKhw2bz
MM0pVZH
MMldm0g
MMrWS0s
MO3WXL1
MQalC7D
MR1UTBy
MTUL5US
MV2ClNp
MVFcEpw
MVsDzmT
MWwAN2q
MYCgSSB
MZFBivp
MaKz721
MavNdhL
MbkKD8G
Mbqs9HC
MciQJBQ
MdGa83G
MdRns5t
MewotXj
MhgMt6g
MiDSqWa
MinHjZ6
MlSOH9u
Mlmft6u
MnqYqNT
MpNiWg8
MpNktFE
MsjmJpR
Mtb1W08
Mu2bbNv
MuHdE3a
MwQrif8
MwSJy93
MwzuI6Z
MyWdIV5
Mys8dTS
N0PLKLn
N0dSHa7
N0mQZCv
N1fSHdT
N33wySF
N6vXpkM
N77CJlh
N7PRrPj
N831Xoj
N8OYaYu
N8yDSdY
N9BueUZ
NBhLXnY
NCl27Ut
NEc4tr3
NHMfoMg
NIducbQ
NJFOrm7
NJHRnUR
NKuxfWX
NN6X0DX
NNeg2HO
NNyHM2F
NOl4thd
NPhq1qo
NRBxy9Q
NRzXn7u
NTSwtFC
NTxc1Jw
NWVfvkA
NYZfpJM
NYhDXPB
NYyFmMg
NZBgZEa
NZdZojS
NbKI1jr
NdAjYg7
NdZfC99
Ne0JQUB
NeBFuaI
NeLeFyi
NeZLPtY
Nf4Ia4E
NidXufu
NjcboLy
NkB9grd
NkDCsAA
Nl8E1eB
NnnN0tW
Np6EJn7
NpBAJuS
NpMZhXc
NqGcIwa
NqvnV9a
Nr7ex8C
Nrx3gJt
Nsr8yYl
Nv4KggC
NwTnilL
NwgqJR8
NwsIUkT
NzVsJGH
O2Kjsnw
O4DinlT
O4qEh5k
O6NhLei
O6uD4js
O8kkqxI
OALNlya
OAP4lUh
OAwG6Gv
OCIrsvZ
OCcsWpJ
OCu5jvE
OF7gsAf
OFQEcec
OFcF1iv
OFia2tx
OFxUZIT
OH9RUi4
OHJhVSa
OIliaCx
OIqYlAV
OJ0VRHh
OJn2kkY
OK8xG3T
OKmUQkr
OLdJ5yK
OMBBH0y
OMTvenj
OMryOlS
ONtl4Tj
OQsLJOu
OR3v6dk
ORGEOs5
ORliGvU
OSEqhwW
OUln9bu
OVTVfym
OVUOIZt
OVZpPk8
OVhhI8R
OY6NERL
OYm5dhO
OZExg2O
OZaIMG3
OZlZTU2
OZyDTsn
Oa8c9ms
OajrN9f
Of7kuAV
OfFRsye
OfMjqB1
Oga7fe3
Oh4j70Z
Oh6LZOd
Oh9fgWl
OhgmDRC
OhvnO9R
OiNgtWP
OicufkP
OkwAV06
Ol5QZHG
OlD2QY6
OlJVwZu
OnIYieB
OpOCs4f
Or5DbVu
OrEcUUE
Orxv3Md
Os4vmpV
OswFVds
Ot0118g
OtLJ9eE
OwLlFtD
OwlG00V
OwofCQl
OxR0Foc
OxzKLZc
P05cqfE
P1juznB
P2UVP0d
P3ISwGo
P3Sf1kg
P4Mgfrb
P7D9SnT
P8alcAf
PD7Xda5
PEeHMba
PEyGNfV
PGoboos
PH8BxU0
PIA1GCE
PJSix9Q
PKaQn0J
PLsawdf
PMF4ify
PMc3hSr
PNCnjYg
PPuodUd
PQ2VcWM
PQP95qh
PSD59qe
PSZJKY8
PTAqdDj
PTw5TRm
PVQ5bft
PWG3YYE
PWLjoVq
PXMq5wc
PYTxI6O
PZuY8TX
PZwSrn9
PaOJROK
PbXyzV6
Pbb61tO
PcNYh3h
PeLCJro
PeLi4Wn
PeZw3Ul
Pf5ItSu
Pf6z4Uq
Pfumx7E
Pg9MKcP
PgHxjRD
PgayOI2
PhBINVZ
PievLft
PkevHiN
PlBm3dU
PlyaJDm
Pm51QHe
PmD8KZn
PmqshrL
PnzzLlv
PpM0sAQ
PpThjGF
PpluOQR
PqTHEcM
PqmxbN5
PqyrSTs
PrL5gox
PrfNMt6
Psx2VU6
PtfV3fO
PuD8TKH
PvhM5oe
Pw1xCDz
PxvQ21F
Py7RWkE
Pzj8KrT
Q0nv4iU
Q0rGWn3
Q19jFwl
Q1lHwGt
Q1v9WT2
Q1wiIIi
Q3i2SQI
Q3qtmsE
Q3vtUAP
Q3xPUOe
Q7dYTPM
Q8TtL83
Q8pDmXO
Q9c3gkQ
QBG0ZqL
QBL6kNQ
QBXTNzW
QDm1QCN
QE75cB3
QEq0hbZ
QGIpBHK
QGvpp0K
QHCKfQH
QHYY8EE
QJDOu6l
QK7x9Jt
QLZs9kX
QM5D1Wb
QMKpYtU
QMWPO5T
QPIYtJe
QRcPk6c
QRndD7z
QSJuf11
QV5Iiyy
QVix6FB
QVoxI5x
QXF0Jwk
QYoZVdG
QYqrEgP
QZBsVE5
QZV2hhZ
QZanJ6I
QZk3mKk
QdJrb2G
Qdsp3le
Qe1K7Jn
Qezhl01
Qg8lR6a
QhrgCJf
QimSEq7
QjUfLBQ
QlgHXNt
QnZAnfq
QoDH5RE
QpK5TIn
Qppdphh
Qq8VBxF
QqIl4H3
QqyRPmJ
Qr5YUaU
QrE95di
QrKJGUY
QrdMgpE
QtRfbLX
Qui0vjR
QvlZTQn
Qw3UvwU
QxjoovH
Qymq7gV
QytgBpp
Qzr3rCq
R0uqe7q
R12O8ZA
R2EkIns
R2evbKi
R4i6wBB
R5zqMmo
R7bvYtG
R8NR8cm
R91wqkH
R9oadqQ
R9rOxUA
R9x5Vac
RBnBb9N
RCL4lQ9
REL7XVm
REVzNJQ
REYnPHq
RFjmWWb
RGhQTr9
RGokCVl
RHLa88l
RI2lxOB
RJbY7Vt
RKJS4wT
RM82OUe
RMSUiMf
RN8kwus
RNvGKj2
RPhnzQ7
RQw8scg
RSFzNzo
RSJC54z
RSS3SAf
RT4oIWX
RUALT23
RUvLIHY
RUvsH1k
RVcpXbJ
RWJHbHJ
RWn0Qnv
RXnafXJ
RY4O9w5
RYup91V
RZsPuYP
Rb14ACv
Rb2hlH9
RcGQhTV
RcRFScn
RdeIn51
ReF4Cvj
ReYEafp
RemNgSm
RfSCsbe
RfsJIYi
RgYEsst
RiKCIzO
RinNTYO
RiqUu62
RiysUFe
RjmMf1h
RkI2yX8
RnkCQKk
RoJl4Bd
RqxMxdP
RrKLz3G
RsbQQFg
Rsl46G5
RssYijr
Rsux0Es
RtFvgkg
RtpUFBH
Rul9AM6
RwzZAsB
RxIuCS7
RyMo31T
S1ebHuB
S2jqI3O
S4scQZ0
S61Her5
S7F31Lj
S7QukSI
S8YxnGq
S96i4oy
S9nYikZ
SCeAd3o
SE1zWpS
SEJPbCZ
SFb17IL
SFsrEdB
SHi2uIc
SJZZbhJ
SLO1Rkt
SMck63e
SObN5ND
SPNNtcp
SPhhSZL
SQwoOtM
SS78u3H
STFBog8
SWRJtNX
SWYlTJU
SXAeKEr
SZQpGSY
Sa9qYdD
SeNV4wc
SeaWa0K
SerfCRu
SgrL4Oo
ShkR9lY
SiUYV0g
Sk8FFhh
SlPlkFD
SmRcDjo
Smm3yvm
Sn2q3nT
SqGWekI
SqQbofJ
Sswl6uL
SvceVH8
SzCjEal
T0GdB3L
T0gBpvG
T0xE0Ta
T24whcE
T2EeW9A
T2O8gND
T2SCYgJ
T3I7gsk
T3TYPHL
T3YI5y2
T47sXbB
T585FVo
T5Egpxc
T9aD8AW
T9xhpsQ
TB3fSBW
TBCkvpP
TCwecOp
TDACl6h
TDj81AN
TFEEbq8
TGeJVyp
TH4BauE
THaXPII
TJFM9hp
TJKXU8L
TJeyspf
TKTvnBC
TLBtSVP
TLWcd0E
TLrIgCl
TMkZtLP
TNt7BF0
TO8oruT
TPzgvQY
TQ3Kn3m
TQsucbh
TSW2Wxl
TTZrzG3
TUPqP59
TWjLlqZ
TWutBaU
TX1doiS
TYTuR2G
TZ5YMLv
TZoeI83
TagSljv
TbINRe8
TcNhEwi
Td1aq2R
TdtXRcC
TeSOEMF
TeWALKN
TexDAhZ
TfouDCb
TjknuSD
ToYDbAK
Tpc6vBI
TqFbs6b
TsRbygX
TtLuTct
TtUoWYg
TtkghWg
Tu0dbMf
TuWymSV
Tv7sWE2
Tw0OVjv
TwmBMLe
Txj9XlS
Txykhe8
TyWVc07
TybS6ok
TylR4co
TzUVuTz
TzcaZUZ
U0Iic3E
U0iCgC7
U1xpr7G
U1yqTy5
U3Qv2OA
U3qvxrV
U4a9Bez
U5nifsG
U6EKXgl
U7afpD9
U89MVnI
U8CHyIH
U8NUXS8
U8adgPK
U8igFVG
U9Bwhy6
U9rj7an
UC4ybvl
UESjbJg
UHGZaSW
UIrHRjW
UIrw6zt
UKlVfPJ
ULOtyaG
UN1K6Zn
UO4ct4B
UOhBAqD
UOsHfp4
UQbw27X
US5prxD
USEKaiy
UTtpkN4
UU4RM7s
UU6AELh
UW1dr1I
UWPQZ13
UYK7tAZ
UZNHqgZ
UZUClCD
UadhbHQ
UbWgGzP
Uc6mVvv
UdboBex
UdhvZSw
UgD1XrQ
Ugw9G9H
UhjI09o
UhtrBlH
UlKw2El
UlN50vG
UmKAeJ4
UmxGWeG
Unz241I
UoIsBOx
UqnNGtv
UqzuOun
UrzCBGu
Utgz4VP
Uu5n2nq
UugyAic
UwBbUD1
UwDHOD9
UxF5jGt
UxUlQPx
Uxs5L2M
UyGE5m1
Uyqwndk
V25FwSY
V2HzE42
V2KRDsi
V46rwSD
V4DcSq9
V4oACsw
V4oC3TT
V5Ks2mC
V6LwCXp
V700P4P
V8CshiM
VA4GoWl
VA7MZnR
VAIQWLH
VAza1TV
VC6THzI
VClrCS5
VDHJ4iP
VDY90oU
VF1o2qJ
VF5Iz3l
VFOw8TV
VITaWul
VLaj3IF
VOuc8kd
VSSkZgh
VToLlH8
VU8aDxe
VUogDNl
VVdFHIz
VWkIHmF
VXoHQhi
VaA1Q1Y
VbSJqUJ
VcSdXG0
VdLoPdb
VduYSjv
Ve7hfwL
Vfk39el
VgCdcXz
VghcgTn
Vh3oAPO
Vj8mrgy
VjHnCjE
VjR4oPZ
VkrdpX5
VlXOpQW
VmUrZcD
VmramXu
VmwAen9
Vn82sFI
VnnBrnc
Vqh4ZAB
VrS50Ll
VrclbVk
VrusDz3
Vsm7k5c
VtCJMNL
Vuh1Kvj
VvEljls
Vx1pxrW
Vy9ZbrD
VyFZ6wV
VzPOEH9
W1HHB3v
W23OOd1
W3ibK2Q
W3kYRvH
W5n9EK7
W63PmPD
W7ou1cK
WAd42jj
WBHtYVt
WBe6dDp
WCU73Iq
WCZo5Zn
WCtrvzg
WDBuu9q
WDCIFbu
WFcrgWO
WHBrY2b
WKPUl8e
WLxg02L
WM6bWYb
WOrOSRs
WPbtX96
WQaph85
WRD1A5N
WSvnbWt
WT9FPSP
WVrJeSF
WX2phEQ
WX3wZSd
WX8GYRH
WXkZHsm
WXl9Q2a
WaK4V88
WarLLUT
WciZN4Z
WdrhAHp
WfsVxgB
WhUK1Ej
WimVXSF
WlLEZN9
WliNaF8
WlmqO7l
WmXkh5w
Wn7sNqG
WpHPbWh
WptPQeI
WqOxP8m
WsoxBdd
WtNQj6d
WtzxcPw
WuDEqeG
WvNyskW
WvPPaaq
Wvs0Plh
WwTgB5y
Wx2kjmV
WxcOuQ7
WxwliA4
WyYbCgF
WzFny3z
X0RGlrJ
X0gi2VB
X0vKiXP
X2ZkFt7
X3A1WJh
X4R7G1k
X4qdrsE
X6ZZ35D
X7LnfNS
X85d9eH
X9SX3op
XD5mk4R
XD9gVA6
XF9uOOr
XFAjuW1
XFa6UfQ
XFlsy9g
XGrYWen
XI9qfjH
XIG1rWM
XIOt5FK
XJXyUsn
XJxq6S9
XKIh8Tg
XKafmmT
XKvIhlX
XMJ4beT
XMSwGTw
XMuZmoP
XN4zkoO
XNFA6aR
XNvfU5O
XOnFFiE
XPY82MV
XPkgF5Y
XQdvYCf
XRmAOJA
XSoDDcW
XToFRlC
XVElLOp
XWMLvyG
XYBQuKB
XbbZEhT
XcJlE2V
XdNYUkr
XeZ3jtD
XgAhmL0
Xhfhq22
XhtP86s
XjPh6eT
XlkH4xx
Xm0VYpY
XoxJT1d
XqiVlAt
XsEOsxe
XuKBqPD
Xvael52
Xwo9EJh
Xwsf47K
XyIWu25
XyiT1Ml
Xyt5wUO
XzIxmYd
XzsvwLF
Y02Ueqz
Y1d7WxO
Y1mnZWV
Y1v3lO6
Y1xhuUt
Y4xyECh
Y5UkrJa
Y6UVkLI
Y73foaZ
Y7aJFmo
YBS36ls
YC4QoSQ
YCDBY3p
YCO91Q5
YDJ17At
YEZlE4T
YGPscyc
YIeMjXs
YJY0SGW
YK6SiMG
YKLifCe
YKQlvyO
YM7Ssu5
YMOjSz5
YNaHlSN
YPsONoU
YQ3ju2K
YQAAWXN
YQK55fK
YQVRp9h
YR2xL54
YRmCEVG
YSCD4EA
YSc7ZSa
YUPYiT3
YUdkeYy
YXzIt6j
YZQTGnj
YZustbZ
YaU5K3O
YcAfQik
Ycc2oAg
Ycd4tc5
YdTmXNM
YdjL1Kx
YehyiJS
Yf6VGnN
Yf7DZLH
YfcZmt1
YiFDwsj
YiHEEry
YibIUn4
YibjXyE
YicabNy
YkTxSn5
YlVUAA4
YnandX2
YnlIvL5
YnqGgdq
YntlxIm
Yor1PQV
YpMvk6p
YpT7Wgw
YpelYQk
YqZpWjD
YryF7kd
Ys9uipd
YsA3Ht1
YsAOK4d
YsUz0cQ
YtnjnEn
YuI1vHf
YuzYfDU
YvFUQX5
YwrsJ8r
YxZ6UEZ
YyAGFxa
YyHiwVz
YympuHJ
Yz0Wtkl
YzxR45q
Z0w4FZa
Z1Kv9Kt
Z1SgwEa
Z20R8xj
Z2YNSCu
Z2e98qb
Z6IL7nm
Z79uBPz
Z8r9Hyk
ZBlVktW
ZFjIPft
ZHQMnjk
ZHvBCda
ZILT562
ZIdFKlF
ZJiGUip
ZKSFrB3
ZM2FQ88
ZQeT1BC
ZQlnUtF
ZQvottP
ZSTcCHW
ZSvh5gI
ZViRsfO
ZXCkRc9
ZZQYeLl
ZbuHric
ZcFkCpc
ZcUZlvY
Zdq2ts5
ZfmGWef
ZfxlcHt
ZgbYjrV
Zi7x4QD
ZiaAi9J
ZkZIO0f
Zkpysmn
ZlEjDIw
ZlFGI2q
Zm4RE1m
Zo1pyVj
ZpC9HcQ
ZtOx7ly
ZvqUIF4
ZwkjzGD
ZwoddVr
ZwtLZWJ
ZxEOGjH
ZxzEwXt
ZyNZMYC
ZzJcSZt
a0llGsQ
a0ynPt4
a2vhtrS
a3EhFPS
a3URyXl
a3XKZnd
a3tsHbS
a5v3A2f
a6HOGgN
a6xTa2Y
a87w5BH
a8bwBfa
aA0CZ2B
aAYu29N
aAa7567
aBRZebh
aCMrTqp
aDIeZwi
aDqSUeV
aDtJkva
aHGXBpn
aHnbIoM
aHyCL4l
aJZNVW9
aM0nKrP
aMCT3XJ
aPNrwCQ
aPkPKAL
aPqHPux
aPzISsj
aQbxtK4
aRCjCjw
aRFEG4t
aSIgzpX
aTCp89P
aTXsHx1
aTvsztF
aV3S6us
aWH8Dw3
aYq4Xqm
aaTImm8
aatdE8Y
abbHW6Q
ac4ciAT
ackvKh5
af0VSyZ
af1x7i1
agLteNV
agvvBak
ahBucJY
ahtayiL
ahw4L17
aiBODJJ
aiCu63d
aidlYeB
aila2m3
ajDckmC
akJ3hgZ
alR7XYP
alshDNy
ameZmPZ
aml7Yqz
aoO85JK
aoxSo6E
apY2Mdj
atHdRtP
atYKm4v
auKyUPO
ax2fTXK
axcPIgH
ayI4VND
b0IJaAe
b0w83iY
b1H2z00
b1cVsAn
b1yeRpR
b2I6gbj
b2j73Ot
b3StIqk
b3kmfxG
b3lL1IW
b6AXFVu
b6dIClk
b7wH8xp
b9AUJw3
bFavwr7
bFlkjT3
bGLgokc
bIANYp5
bJINJwA
bKBsvur
bKOAZEa
bL3h9lK
bMuEz7B
bP66NRC
bPV7ceD
bPVMzql
bPv2dX2
bQQEpOF
bRSyBN7
bScx6gu
bSnmRyt
bUUpDLj
bWNukHL
bYlgOqx
bZDoIVT
bZG7bN7
bak1hJY
bcwWFn6
bdDSmbe
bdapMzW
bddPASH
be6ePai
beCFSAb
bfTxOGC
bfy8jnq
bgDHv5u
bhDMj6X
bjKwlLj
bkFUCP3
bkRjGkY
bmeqDiP
bmifJ1v
bngbHSs
bpBv09m
buR2TAp
bv6R5vE
bwLrXO6
by82SZv
bz6iHk1
bzIJ0Su
bzmiWgS
c308Q5I
c3dGJij
c3uYNrT
c4NCrZF
c5FIem3
c5FrLbr
c8yNaMR
c8z6TKS
c9eB5wi
cAF0uxW
cAK76tq
cAVUdXT
cBvJoX4
cD4uoSW
cD6C5JO
cFFmmWI
cGiBLGJ
cH4uWTs
cJ3JcsF
cJbtMl1
cLR2cCm
cN0USlZ
cOXzcCs
cPCmScH
cPp7XPu
cRlH5WU
cUBsaNn
cUX9Ic8
cVHSNSl
cX2IIGV
cXyh2Ou
cYGf1aG
cYTRKFK
cZSOlzb
cZYq8aV
cbPwoEz
cbzyHhA
ccYq0P3
cd7pJIl
cdGmXg9
cfZ4Qju
cg8jL6I
cgNp12S
ch09Omh
cha63ex
ciMyTXr
ciiYpSi
ck8f0zr
cmBEV1i
cmDqqrU
cmrPz3E
cnEuGjJ
cnodvmi
cnpz13T
cp5yY5y
cpEohjd
cpK8kvs
cpOgDFi
cqhCwBj
cqwutog
cre7uQg
crrkoU2
ctShGdi
ctbGXNH
cuQEQdB
cw9B8eD
czc5Cqd
czl91M1
d1H2bfe
d2Ckb6K
d2sxNNj
d3wAnsS
d4r1ERk
d5xpkWu
d74PpVu
d7HSF0y
d7vv96G
dAI8df9
dBo9aDv
dBoCr4m
dDHwUt6
dDVBaey
dFoyfWu
dGAsHdm
dGhbiMz
dITS61C
dIea8eB
dKjNK8i
dLWhK5d
dMQv3H0
dNVzHtU
dNnR0IG
dOpC5ho
dQaFPqE
dQpd1kL
dRGqhrZ
dT8jB26
dUclBsR
dV5WccZ
dVzWIGt
dWAq0HX
dWIgoha
dX7yo2t
dX8ot0R
dXNiar3
dgFHcRl
dgUV1Jd
dh2QhzA
diMZmzK
dicbeul
dlGwG1C
dljyYAB
doz12hS
dpVSFXd
dpbos3a
dq2J3cS
dr9dVav
dvwPFg4
dwc3rF1
dwhAcyV
dww82E9
dxJnBTt
e1qeeYy
e2Tg0SC
e5xwszX
e60F3NB
e6BLe1r
e78ASBl
e8Wr5Q1
e9N639Y
e9uhPzR
eAAMf01
eAmbzxO
eBchMmj
eCyYA3Y
eDKDR96
eDPv1dz
eEpjbAE
eFYuZAA
eFiGeRD
eGoayri
eH7FHWQ
eHzDUZJ
eIS55vT
eIkXLyF
eJRVV7T
eK2YBME
eKC0cQZ
eL3zH99
eM3ekqe
eMt9UhW
ePpxVMG
ePtoCWS
eRJWwsg
eS3qDA3
eTbhHlw
eUQngqi
eVtJeMK
eWwRSci
eX1jlGH
eYv91fq
eaDhc0T
eaaFViA
eaeGnNa
ealS91N
ebsHO19
ectbcvF
eer7BiK
effXaom
efxhgEv
egL33eY
ehObeDE
ei0HE38
eil8CKN
ejCI1lK
ejoRjpr
ek108Gg
ekTUvqy
ekVrRaY
elp1uVs
elq2Taq
ep1yqL4
ep69jv4
eqxwfbC
esI7mlH
esUUbPr
esnZkXf
euBgQpu
evLpViC
ewWZZBM
eyDSQb0
ezD6ze8
f0C68Ao
f17NXBD
f2NxlI2
f4hM9If
f5D9AiE
f6XOfY3
f84vHSc
f8OWeEu
f8r6ywQ
f9MAywt
fBSah1G
fCCyYjI
fCMzig0
fDd5j32
fDuZKxD
fISrXoS
fJWDUa3
fKcSmeu
fMCKcTB
fMHIPVx
fODrBNu
fQVYTLL
fQYJ41q
fRoc6aL
fSN6Xoc
fSZvuKO
fTpZVTr
fUmXWY3
fUrah5t
fXGwOKW
fZITT0f
fZwx7nI
faubsXJ
fbQndNj
fcfXGOc
fdMSmHB
fdtznSX
fe0QInD
ffbDASk
fjld0Z6
fkUsxbn
fkhCKg7
fpFcwQh
fqjlBty
fs0bWxX
ftlkLPO
fuW9jmQ
fuklF9L
fuoKy58
fvXdfY7
fwJmngp
fwRSCXG
fwhaSJZ
fwwoSvP
fxCryXj
fxpfxDQ
fzQjdzJ
fzzSWfq
g0yU7TH
g0zGBPF
g1R2agQ
g1ozYzz
g4OglzL
g6m5Wed
g7Ukef5
g7VhYbI
g7s1dkS
g9xFWLQ
gB4L3U5
gDf1yC8
gEDXN0c
gGGAWdc
gH57Jyt
gJb2G2g
gJz0gdz
gKycp25
gLTRHtv
gN66ESC
gNREA42
gNlaQ2O
gNyuASL
gPq3U6G
gTR1Yqm
gUJErRA
gVOBNXw
gWZf4yS
gWbhyuF
gWu1PEo
gX1DBhq
gXRUf0P
gZbEg3a
ga2IGGa
gb7XfJh
gbc7lEy
gdP4NGW
geMXjTX
gfJ6P8D
ggCehrc
ggLEA2r
gi4FadE
gi6abIt
giPFiOt
gidbN3K
gjSAEYe
gkCGgrX
gm2z46s
gmMSjrc
gn7ZR7E
gosfypW
gqHGQb5
gr2mkbh
grl7Q1X
gsasA2b
gtFpti6
guVX03y
gv7m5ec
gvbffUc
gwhW7ON
gxt8kHt
gyZeaGn
gywlaiV
gzR48vX
h2ElDy2
h2QaASu
h3Wmmiv
h5REYRf
h9QEKz3
hDLePkA
hDvx5L9
hGF3GUR
hGhWEzO
hHja0A0
hHlbLWv
hHygbHv
hI7DiDI
hK6KtT7
hKi4NTd
hKiazie
hLJoLpf
hMcHyb3
hNi95NK
hO7Ofsz
hOAAD01
hPM59fX
hREon3d
hRXVuiD
hSUjVpT
hT97dHw
hTDIMOq
hTvK4SP
hTx7bic
hUVwExG
hVJnsrQ
hW15cW0
hW68huG
hWN5x9B
hWZpn3l
hY0T771
hYt6DlN
hYuXO8y
hZ2NHD0
hZembmg
ha1t3lZ
hbKpO9B
hd8OSWz
hduRJTj
heQSlii
heY0n7C
hg8akfB
hgOzb9E
hjLpyrq
hlIxN5l
hmYx870
hmeZLDA
hmgjqIx
hn2ao0C
hnZ0qmF
ho5SK6a
hodxWe1
hpkHzIr
hqjphcL
hrm1OOQ
hs4UIpQ
hsTuVGa
htGonH9
huQ94eE
hwUpvte
hwWN0WZ
hwrOdxi
hyGjZC1
hzZqbQH
i0QP6oA
i1dc1zA
i1qn0P1
i2bQAbd
i3csYa0
i4hBPfm
iB1Gl5I
iBP0Awl
iBSOZB0
iCDlQuV
iDOxylN
iECCYth
iGrOwWJ
iH6fkaI
iIFiAkb
iIsBwLq
iJ0AS8T
iKQVFkq
iLKrJOV
iLN8hcr
iLghtmz
iMSZNtU
iN4alF0
iNEShQL
iNMIzLL
iPLN1i9
iQKAjsc
iRCHgc5
iRHiRJb
iRoavsv
iSLYtoK
iSiQVrq
iT0fTBV
iUGvvEu
iUlqTOO
iUorPZD
iV1qVoA
iYYaYko
iYw8OVJ
iZU4rRe
iadStpt
iafuf3M
ibkrgaE
icbO3dT
idD6emD
idHHRbE
ifPFTf9
ifPqSEX
igUVuh2
igadvpM
iiefaFV
iiuEtUo
ik1U6Is
ikHn4Cz
ilv9HgU
in6bcBu
inf8hLW
iodpXaw
ipz9GnQ
irgqipu
is0Fd5l
isVgkN3
itPTW6z
ixu5E4W
iyUYycP
j15e4Ro
j2vvHvI
j3R38x6
j3sux6O
j41UHhY
j4gZg1x
j5WM2Zf
j5rT2Fl
j6cpB1f
j7DcAck
j7s7JgG
j80aBVj
j9QXzOu
j9aFLjF
j9deEFI
jBJ3jLn
jBxTvV6
jCgPJjB
jCpr8gI
jCt704S
jDwGZUT
jF1dHFf
jGtvyTH
jJHaMts
jKdUciJ
jKnT8mN
jM5K7ye
jMlmbHS
jNhaoBc
jQIt5my
jQYfbbM
jRBkgzS
jRKvC4E
jSk5gzn
jSp1ZWQ
jTHYR82
jUXB1Ru
jUiHfxR
jUpJiO4
jWMPsDM
jYDK5zp
jYWDxnh
ja3NHAQ
jdk0dSa
jfTLiSi
jgcAzlI
ji4Wo6Z
ji66nkK
jjkzh2w
jkHu2ew
jnxSBzg
jolgbO8
jpEoYnH
jprm0fb
jqaahXw
jsf5wnY
jsk4KHa
jspugqv
jvah0sv
jvvtUjJ
jwkaDKm
jxBtW3Q
jyMlLRi
jzoTvjy
jzqcWjW
k1T1BNN
k2M0WMC
k2dK8iC
k2tmR9g
k6j7ygg
k7uB8i1
k9JaULC
k9VItkP
k9ViCbH
kAMij4v
kAS22FP
kApZMo8
kC8vWkJ
kETZ6iJ
kFagsdb
kIBQc0g
kIUZzp7
kIbXTnO
kIwBuDD
kJaUADJ
kKyAroM
kMQgK5q
kMdrCzi
kPrVU0E
kRG7sQd
kSYRWoi
kU42FjJ
kV6bBVj
kVGRWIK
kVaOiUp
kWIs85c
kWYAwcL
kX8hitA
kXmHqOS
kYIAy4w
kYgt5i6
kZK5TJi
kZvg4Ov
kbSrI0R
kc5XY5U
kcUx7ZH
kdnEqyS
keKLtKm
kf6PZIc
kfxNwil
kgMj9TA
kgjLWoS
kgn90m4
kh2FnJt
khUKStO
kjB5eZX
kjEHONn
kjGjVmj
kjIs8pU
kkX5tp0
klsUvus
kltom9n
koc84Cz
koisXdB
kotpBXv
kpeYM2N
kq17Dse
kq6SnnQ
kqG4HGC
ksgRDDZ
kuPcYjB
kuQHBbu
kva22Qq
kyDPUf2
l051yzV
l1AbHvQ
l2Rk4Vj
l2yeXhc
l5uKhkm
l6BcqPc
l6MQbtB
l7JHdnA
l8pGwgU
lAwauMu
lDbV4F4
lFGA3Tb
lFldWmf
lGO6kOB
lGOCJjc
lHLDBqv
lJY14ZM
lNMKpmO
lNWqqrP
lOgDAG6
lP3xg2M
lPGFlZ9
lPRkGrn
lQ17Nj7
lQ2IJHx
lQk9sRI
lQkHYFh
lRgxbod
lRooiWv
lSyUjvm
lTMOOYn
lVfwofw
lVkmeg5
lVuPN87
lWHc8CU
lWMKqiB
lYRnZHx
lZXTc0a
lagNbIE
lfIZTn6
lfuerLF
lfvFWT1
lgAB7Wj
lhBInhy
liO4Wd8
ljLWfIq
ljf02sS
lkolbgA
ll6WsHz
lmzlqQF
lnUyJVz
lnih9XR
lp6Ou29
lpRqxcW
lqGZt4n
lrrrsl8
lte7L6v
lv736Su
lvt5uTP
lwaQ8hx
lyTop2A
lyVCwBK
lylA1tE
m0K6M9E
m0Obizl
m37OEIT
m4Dhc4w
m4chJvR
m5A3OjR
m5ti96e
m8JFAWc
m8Z8W3D
mAK4jaq
mAOC1Xe
mCPgUf2
mDhYAzW
mDkN4Kd
mEtdvHX
mFGyvgn
mFSEsw6
mGq9lNb
mIbfPn0
mK39WXV
mKYtF18
mLfATIF
mMdM6fE
mMxfPa2
mN9Oyqm
mNqiWbR
mO0FSRs
mPY98WP
mPYl5XY
mR6Frlz
mRTt2w0
mTM2QLo
mUMaueh
mUz34uA
mWoPRZw
mXnOh91
mY0MB3M
mYWGY6N
mZnnIT9
mbUuMs5
mdOZRjs
mf3dJhc
mfmZplH
mgL51Rf
mhfWcK2
mi7M4Lh
mkReG3k
mlCMr4s
mmqMrih
mphOA11
mqN9aJy
mqodJUi
msa15G0
mtj57RL
mug2qm5
muqywro
my2vPj4
mzAO7CR
n08ChQc
n0W4huo
n1qb1Fh
n27BtZH
n2SB24h
n2a5TWL
n2zTUwR
n5CLmA7
n5NIrdo
n6KQqZJ
n6YIxso
n6noBmb
n8DM5SU
nAIDFvM
nB3jOCn
nBWY1vs
nBbQ6Pd
nCEXBtJ
nDOv9KE
nDfgfsN
nEBDxZL
nGCyWMm
nHLNYTD
nJiqfy5
nJswnVB
nKocfvy
nMVNS1D
nMfUpPs
nNSJ4RV
nOPgG6e
nPhytHN
nRKoGxr
nRWHUI5
nS9qzAX
nSAdspt
nT1iKOm
nTVGpsF
nUQRHsR
nV0zhAI
nV1bFZC
nV8QUiM
nWraWuI
nXOpLTZ
nXQT2W2
nXlqi7w
nYq1Spn
nZAbMHU
nZQkFXm
nalkDgz
ncW0F7m
nd2FsKa
ndQM6BK
nerKdEr
nfiobuK
niG3Vkc
njOvYdi
nkHcGog
nlxeETs
nlyr7S1
nm8sdvl
nmrMFmb
nne7Z8N
npz2iIV
nrSUYLg
nsYceNd
nsuaiTX
ntHbBZf
ntMr0lA
nw5MNzk
nxNJuxY
nyKHKsb
o1bVp1h
o1iBTd6
o2409cF
o25fDZG
o2TDDaN
o3tRlVM
o4yWzeE
o6G23ot
o6Ruchh
o6TUYdJ
o7o0dy0
o8IiLUH
o9H4LeE
oCdrt0b
oChVRKx
oCzAJQx
oDc0S69
oGaXRUa
oH6HSmX
oHVjAq6
oHXxGSa
oHeBZCh
oJVck5O
oJflVWY
oJzwVaM
oKsetsR
oLmMv4y
oLmiGs1
oMlPGig
oMsc7wb
oNAtSXn
oNVnhZn
oOGMqgP
oP4PLpd
oPFCm8Q
oQ9EpsX
oR0tpAu
oRUOC9D
oTqX98T
oUtaJAd
oUy6YFX
oVA9b6d
oVicLKl
oWbI2Na
oWqMsw8
oWyvED0
oWzcGbO
oYn7Wu6
oYzW19X
oZ0o84f
oZ1KWYj
oa0gElg
oa3Stdg
ocGyUEc
ocTqrw1
od1wwNT
oeoawVF
ofVr1CL
ogQ7ZgC
ogp0T8Z
oj579oJ
okC2hXE
okm2e41
okpkTv6
olWiCFw
olbRnRk
olja3o3
omfUiye
omwfaob
opEQrD6
opGSHjY
oq47PQu
oqxjpMB
orRfB7m
orUnxQq
osaEeN3
outab1D
ov0FX4O
owOeut9
oxmbWAt
oy5yDnF
oyTYTYg
ozO8v1s
ozs5jE3
p0pCm7l
p1JnFZk
p2afgDm
p3M5lqD
p3p9EOY
p4tQoR0
p5ufzcJ
p6qhcEN
p7g60n5
p9n7c0b
pA2N6my
pA5Br6n
pAPdXjo
pAqP9O3
pB3rtgU
pBBgAVG
pBF5MFJ
pCrKOz7
pG21yIk
pGZD031
pHm7cTs
pKHOtlv
pLzUk5d
pMCyp3M
pNNGGEx
pNQNmjy
pPayTD8
pPjXLxV
pQ9tTwu
pRoc5o9
pSh8T5a
pTGJQMO
pUsGG6C
pV0FQVm
pV8EsHQ
pVOVlhw
pVRAGmq
pVTt4X0
pWKHRx3
pWaqlH7
pYNNcUt
pYwZVuz
pZCXpvp
pZJfSMv
pZTaE97
pa0JaE3
paH8mpL
paoItNa
pd9GKWH
pfRFqks
pgSunZM
phpk8QM
pj6I1s5
pk575BI
pkJEXjs
pmicihO
poCJoIj
poTvY7K
pp1gQfr
ppEObJx
ppnOBih
pqqQZEc
pqsiDJx
prG27T1
psRON4A
pslVaPY
psm4CUg
ptL3lkK
pvD1KqZ
pxMj6nP
pxXn4r6
pxc4EE5
pzDlj6c
pza1Tuz
q0VeChL
q0oDEAs
q2lxij0
q2oMgcb
q40Vhan
q5MMpcF
q6T358C
q6ryJm8
q7RU7Qi
q7hGKlZ
q8LJ9nh
q9DkX6o
qADDSys
qBNXBXp
qDd5dN4
qF3t8cz
qFc6JQ2
qFfAjmy
qH0e8Bb
qH54kHE
qHLPW9h
qJidlJs
qLA9gv2
qLdYCJ3
qMsR7WT
qNF3H8J
qNOSKuD
qNgwdHP
qPu1ch6
qRKcQsp
qRZKB9h
qSLCVRv
qTeKMxe
qUdMQ54
qVhqGh2
qXy6Yoi
qaK1ywb
qawTwkY
qbgETM0
qc22kXd
qcYNkvI
qdsQquX
qeAJuLr
qeU5LUl
qeuaz2N
qeypFma
qhOqSTW
qhzdS2B
qiWNiFo
qltixcq
qmeIzyn
qq4YP9R
qqob0MY
qrPkIU4
qsDCiBt
qunBvFf
qvO9D58
qviyG0v
qwlBL9q
qxG2Hcj
qxK2nKJ
r0ObDgg
r28Y7IY
r2BMczH
r2KA2vh
r2gALZ7
r3KUqu4
r4FSVO4
r5h5u8P
r5v7o8w
r6HVNqb
r6d4MSw
r9NJrZG
rB9Zm0f
rBmMO9h
rCCAN0p
rE4ry5N
rF2Twh9
rFp497m
rGRawYi
rGkQez4
rH0yZez
rHA9rIN
rHBKBJ4
rHdW7lD
rHwkREx
rIXcEhD
rJpqcIB
rJyOQvu
rK6fbOS
rL7GaBg
rLhXTCt
rMZEmyI
rMb3tSU
rPE2DLb
rR6j3hE
rRfpkyU
rTlu3pM
rUuXEKD
rWjrYYv
rXo8J5I
ra25oLc
rbUOFCp
rcaLMvd
rd7uG0m
rdBnPug
rdVbeF4
rdr5GNm
rfD6MUZ
rfDWlsg
rfge12g
rgBUMIk
rgutn2t
rhpGnru
rjDnTz8
rmuWBtm
rnhVL3x
robWEo9
roenHQ8
roiiMC2
rotCrUE
rqgsGBG
rrDkHFN
rs6tn1k
rsVpHQI
rt1gNtX
rtA9R4T
ruOrjzW
rvEmgJs
rvzZm7w
rxrhnNY
ryhAYQq
s01NwIa
s0xXszv
s1Q0NBL
s1rtaiz
s2orfMv
s2ti2vx
s6kJJm8
s8f08Hi
sAMkrRX
sC9HCQI
sETtufG
sEb0EWD
sErT0db
sFDdSfC
sFM6zYK
sFwvTKR
sGU8Aab
sGukHsy
sLzTtTC
sNCSmPy
sNIkY3t
sODFSqz
sRSbM7z
sRebS24
sSCuOeY
sSHbLyX
sVEScbx
sVpWPu0
sWrCVHN
sYGkPvI
sYsndEv
saaKMhB
sbJp8Yq
sbJwHnk
sbOxisi
sbgqBJO
scHsEpW
scjAlE9
sdTZtlK
sdeK86f
sduo69O
seAFJuk
sgNEdu7
sgoMrV7
shrE2xa
si8CKrY
sih772j
sjKkGKH
sk6fOxH
sl8NrAr
sm5MzNx
smM5ApK
smeNAhA
snEDjub
snTN90v
soO5zrJ
soYFw67
sqzV6yH
srk3QVH
srkdcu1
ss32EcT
ssPVbdw
stsFrPF
suCOjnK
svINswf
sw6byyU
sx8Vljr
sxjjFZw
syOaknB
syawn4c
szEOtWl
szmMgrU
t0HPgi6
t1Jc0Pg
t2Ik5qa
t3IHW29
t3laBa3
t4x8TSw
t5GXj6L
t5aytlP
t6kHaZu
t7ZZ2Ne
t7zoWC1
t8EGJWb
t9aaqtM
tAF2zG0
tBtrliY
tCVKKZy
tCdBqR3
tCtFS2j
tD5wfgH
tDOjZaj
tDox8h0
tGVAWIU
tLyn5UA
tMEGvqo
tMJFQ5E
tMRWMuk
tMaLmQV
tN6n2KY
tNG9agz
tNg8eWs
tOlL4Fv
tPKTK9j
tPngQhK
tPqbbKJ
tPtkdHY
tQ2TXBT
tRMkcyK
tRrqVai
tSTzMBb
tSYwIjx
tSjdPYz
tTE3Lwn
tUIHfl6
tUhWRLK
tVqXDJt
tWc0APw
tX9uwpn
tXfv3RJ
tYYpRBc
tZgnIk4
taCEWZf
tc74c9b
td8jwRl
tdDabho
tgICRpx
tggj7sJ
thYW3Po
thiXF3R
tiJFA9z
tiOhaGU
tiRncC5
tjhi1Ea
tjndMjv
tmd0xES
tnBrrJj
tnFAdUZ
tnNA80N
togXJHS
totIPKn
tovUBUB
tpCOU4w
tpWxfK7
tq1Ped6
tq41BXT
tqDI1cO
trIcig5
trfDz4I
trjhDuR
tsICBwv
tt8d4jM
ty7H9bW
tyQ5Ux6
u0ROX88
u2ERpw7
u41cqMX
u4QdH8s
u4q6ppz
u5whkAM
u6Ft7F2
u8c3aqg
u8thsEZ
u9qot2b
uBb3bkH
uBsNyOo
uCBbPyW
uCLlLTG
uCRMdA2
uCyXgJJ
uE9AbEi
uG6lb8K
uGc3ZVi
uGqKELn
uHgYmHk
uJH1oSr
uJdIVVY
uJpFUJt
uQ5Ypeo
uQxg3su
uRq6Oj9
uSUp9sG
uSV53ha
uSZYr4X
uTK0x05
uTn4I56
uU3zyKR
uUCZjdb
uVrrzBO
uWqxxMP
uYRgx5B
uZkleJO
uZntjDZ
uaQnGYs
uc9rBJo
uejfwNr
uhOGNcf
uhfWIJP
uiKZD3O
uiVizqD
ujRFZdD
ul2bb35
ulgPt3Y
umvQcem
unAkF66
uomtyNH
uraIQXW
uroPCeh
us3uFNR
uvDvMia
uvu1qPw
uyIEZ6E
uyNuVE1
uza5FfN
uzfnfBf
uzmbJFy
v1B0uvw
v1X8EGP
v2d16gf
v3ovHCW
v3q5HEv
v4rQ191
v5FqjIf
v5Nk0lq
v5ViyPA
v5m790d
v9wR2WM
vApS9TU
vCd8kZs
vFKxMgL
vFbJR5r
vGH3DFk
vGZBPHT
vHJ70FU
vIG3ITf
vInTIes
vJlfmA8
vNcUiwu
vORHFt1
vOkBQwP
vQbIiKI
vTJeTXQ
vTKC9MF
vXrl08Z
vaKq5wz
vduxTDb
veoyatk
vh661jM
vhWtrxj
vi6nX0i
viTblyO
viZuYBJ
vikZNSo
vkSz0D2
vlT3fG8
vmIFp8c
vns3TUf
vorwZVK
vpKKqsI
vpO2PJG
vqQfAN0
vqkNfXG
vqnHIUn
vrqAhKT
vsnfYMD
vtrR1nY
vuh5fiD
vuj1pEF
vvCs5UB
vxarr5I
vyL1Orw
vyw2XWB
vzAd3QZ
w0ueIU8
w1VWRbh
w24AsFs
w2ffFlQ
w3TGgrh
w4S9wh6
w4ztIst
w6sse4c
w7kei3m
w8cnv0i
w8iBeOh
w8zAG65
w95l7Da
wBFwZ1A
wBdplCe
wBh3MiT
wBsadYB
wCGJXoT
wCgYtPh
wES4Y2Z
wF3FmMu
wF3KnYz
wFXW4o1
wGcK0Tn
wHqvo4B
wL17TSX
wMqnl8C
wNkUVl0
wOMGJsU
wPbnmGI
wQ2fUCA
wR8w1Al
wRIx0CM
wRUrSwQ
wRe1WCu
wS8w3Oe
wWFH6qA
wXve5fW
wXvxb8l
wY6l7Ld
wYMJuqg
wZLdQge
wZRLGGj
wZXuZLI
wZc8yyf
wZl57lq
wbITJCR
wc98D5Y
wfKm42i
wfTnjFt
wgE9PIC
wgdkAFQ
whRxFNq
wiKLe1U
wiTGWLV
wjCNuDM
wjHOJGO
wjbkrYX
wkwlYhB
wm0NOFS
wnshLn4
wqZHufG
wqjaQj4
wrb7xka
wrhGzxr
wrq1C0e
wv1dfkE
wwUPzVl
wwciiWz
wwyXXO0
wyCFMAz
x2LgoUc
x2iAyQf
x5dQkIA
x5xb0zO
x63exxN
x7Rn0UY
xBozMp3
xDCx9mQ
xE1DcKp
xEOCGWN
xF093K2
xFj5UDM
xG8uxgl
xGbc39X
xHLbbzG
xJqFC0d
xLKVXeR
xN5inXV
xNHYtZn
xNIzGSM
xPLHSON
xPffkfL
xPsSg0j
xQ9xNIg
xQEhTu5
xQJmpBg
xQT6kM7
xS7Li3f
xSQv1jY
xUFUbaR
xV0Le7B
xV18pF1
xVZKP2s
xVrN9yW
xX2iJb5
xXfN0jV
xeED9Ou
xiyWTXY
xmC0sQ4
xmXOzQU
xmehz6z
xnCixvD
xoYY9PX
xpG4FV4
xqXQrGe
xsatO6h
xtD2Xzo
xu5NKIH
xvFt7E8
xvPK865
xxTYfJQ
xxnUEcu
y16jW04
y27j8AM
y2ma0L3
y2psWtD
y3OefIP
y49p9Sn
y4WgNGV
y5CrW2C
y5jMTCG
y6vZnwP
y7NnENM
y8hvqxT
y9Cfe5G
y9UjUHb
y9m8ZA4
yA7oc1c
yAVp7Nf
yAWSmKy
yAlCfq1
yBbvuq6
yDHE6vi
yDXXMyV
yDZ6JS3
yDu0Q5I
yERBQRX
yF2GHcV
yFDqTAM
yFnz9PV
yIBdLJw
yJqWSzS
yJtluci
yKoGIOu
yLVsdkj
yPwIcgF
yRLNFgJ
yRsHerJ
yRwNrJO
ySMMaY9
ySS616l
yU3sFEb
yUaRvgc
yV2oadW
yV9Rfar
yYFXDjZ
yYsvtLE
ya6J1R9
yaWJRUK
yarcbJF
ybquaFD
yd4d3Uc
ydfcF7S
ygZbqCZ
ygzKaLT
yhaIob1
yjES4Xg
yjG8TrC
yjI1pTV
yjQctVu
ykbaEW6
ykrkGPc
ymEAADD
ymYx0PY
yn54Zrk
yo9kUqV
yoi1O6w
yqCc87N
yrO8DeZ
yrc3I7i
ys85bO2
ysVZ7I6
ysyjz9u
ytn5KzF
yvLvV2f
yvwLhr0
yyrAA4g
yzWBMJr
z1tAzBG
z27Edcb
z3dAnyw
z4lqltL
z4oAi9c
z5NWF45
z62urNJ
z7E8NEG
z7e9OQ3
zA7rl6J
zAPOstU
zAv2Z8p
zC6NIYK
zCFIJiS
zFXHlnI
zHn6U7G
zI3G1XF
zILQd0Z
zIOCfjX
zJVip00
zJsW7OZ
zJtyBe7
zKclkld
zKnswcf
zLMTPah
zNtf4Li
zNyhQaG
zQSFGap
zRu4ydv
zSCSXYi
zSvzdnV
zUfPViV
zVbKWlc
zXOlRYF
zZ4Z3eU
zb6gAJx
zc9T0ZZ
zeKmeQ6
zfou0U9
zg7sy5I
zgtqNBh
zh4azVP
zijH1Hj
ziyxySX
zkdAT2B
zkgBL2l
zlC44Cx
zlVVq1X
zlaAAtF
znSQMim
zolDe2O
zrBsNvM
zxkzc5O
zyKTH3X
zyYR7lZ
